<?xml version="1.0" encoding="UTF-8"?>
<testng-results ignored="3" total="15" passed="11" failed="1" skipped="0">
  <reporter-output>
  </reporter-output>
  <suite started-at="2022-07-31T18:44:27 ICT" name="Test-Suite" finished-at="2022-07-31T18:44:42 ICT" duration-ms="15294">
    <groups>
    </groups>
    <test started-at="2022-07-31T18:44:27 ICT" name="Jira013" finished-at="2022-07-31T18:44:42 ICT" duration-ms="15294">
      <class name="com.demoqa.tests.BookStoreTests.DeleteABookTest">
        <test-method signature="deleteABookFromCollectionSuccessfully()[pri:0, instance:com.demoqa.tests.BookStoreTests.DeleteABookTest@1e0b4072]" started-at="2022-07-31T18:44:38 ICT" name="deleteABookFromCollectionSuccessfully" finished-at="2022-07-31T18:44:39 ICT" duration-ms="739" status="PASS">
          <reporter-output>
          </reporter-output>
        </test-method> <!-- deleteABookFromCollectionSuccessfully -->
        <test-method signature="deleteABookFromCollectionUnsuccessfullyDueToUnexistingIsbn()[pri:0, instance:com.demoqa.tests.BookStoreTests.DeleteABookTest@1e0b4072]" started-at="2022-07-31T18:44:39 ICT" name="deleteABookFromCollectionUnsuccessfullyDueToUnexistingIsbn" finished-at="2022-07-31T18:44:39 ICT" duration-ms="773" status="PASS">
          <reporter-output>
          </reporter-output>
        </test-method> <!-- deleteABookFromCollectionUnsuccessfullyDueToUnexistingIsbn -->
        <test-method signature="deleteABookFromCollectionUnsuccessfullyDueToWrongToken()[pri:0, instance:com.demoqa.tests.BookStoreTests.DeleteABookTest@1e0b4072]" started-at="2022-07-31T18:44:39 ICT" name="deleteABookFromCollectionUnsuccessfullyDueToWrongToken" finished-at="2022-07-31T18:44:40 ICT" duration-ms="727" status="PASS">
          <reporter-output>
          </reporter-output>
        </test-method> <!-- deleteABookFromCollectionUnsuccessfullyDueToWrongToken -->
      </class> <!-- com.demoqa.tests.BookStoreTests.DeleteABookTest -->
      <class name="com.demoqa.tests.AccountTests.GetUserTest">
        <test-method is-config="true" signature="beforeTest()[pri:0, instance:com.demoqa.tests.AccountTests.GetUserTest@942a29c]" started-at="2022-07-31T18:44:27 ICT" name="beforeTest" finished-at="2022-07-31T18:44:33 ICT" duration-ms="6212" status="PASS">
          <reporter-output>
          </reporter-output>
        </test-method> <!-- beforeTest -->
        <test-method signature="getUserSuccessfully()[pri:0, instance:com.demoqa.tests.AccountTests.GetUserTest@942a29c]" started-at="2022-07-31T18:44:33 ICT" name="getUserSuccessfully" finished-at="2022-07-31T18:44:34 ICT" duration-ms="970" status="PASS">
          <reporter-output>
          </reporter-output>
        </test-method> <!-- getUserSuccessfully -->
        <test-method signature="getUserUnsuccessfullyDueToUnauthorized()[pri:0, instance:com.demoqa.tests.AccountTests.GetUserTest@942a29c]" started-at="2022-07-31T18:44:34 ICT" name="getUserUnsuccessfullyDueToUnauthorized" finished-at="2022-07-31T18:44:35 ICT" duration-ms="663" status="PASS">
          <reporter-output>
          </reporter-output>
        </test-method> <!-- getUserUnsuccessfullyDueToUnauthorized -->
      </class> <!-- com.demoqa.tests.AccountTests.GetUserTest -->
      <class name="com.demoqa.tests.BookStoreTests.ReplaceBookTest">
        <test-method signature="replaceABBookInCollectionUnsuccessfullyDueToUnauthorized()[pri:0, instance:com.demoqa.tests.BookStoreTests.ReplaceBookTest@791f145a]" started-at="2022-07-31T18:44:40 ICT" name="replaceABBookInCollectionUnsuccessfullyDueToUnauthorized" finished-at="2022-07-31T18:44:41 ICT" duration-ms="680" status="PASS">
          <reporter-output>
          </reporter-output>
        </test-method> <!-- replaceABBookInCollectionUnsuccessfullyDueToUnauthorized -->
        <test-method signature="replaceABookInCollectionAndVerifyJsonSchemaSuccessfully()[pri:0, instance:com.demoqa.tests.BookStoreTests.ReplaceBookTest@791f145a]" started-at="2022-07-31T18:44:41 ICT" name="replaceABookInCollectionAndVerifyJsonSchemaSuccessfully" finished-at="2022-07-31T18:44:42 ICT" duration-ms="735" status="FAIL">
          <exception class="java.lang.AssertionError">
            <message>
              <![CDATA[Verify books
Expected: "{\"isbn\":\"9781449337711\",\"title\":\"Designing Evolvable Web APIs with ASP.NET\",\"subTitle\":\"Harnessing the Power of the Web\",\"author\":\"Glenn Block et al.\",\"publish_date\":\"2020-06-04T09:12:43.000Z\",\"publisher\":\"O\\u0027Reilly Media\",\"pages\":238,\"description\":\"Design and build Web APIs for a broad range of clientsâ€”including browsers and mobile devicesâ€”that can adapt to change over time. This practical, hands-on guide takes you through the theory and tools you need to build evolvable HTTP services with Microsoft\",\"website\":\"http://chimera.labs.oreilly.com/books/1234000001708/index.html\"}"
     but: was "{\"isbn\":\"9781449337711\",\"title\":\"Designing Evolvable Web APIs with ASP.NET\",\"subTitle\":\"Harnessing the Power of the Web\",\"author\":\"Glenn Block et al.\",\"publish_date\":\"2020-06-04T09:12:43.000Z\",\"publisher\":\"O\\u0027Reilly Media\",\"pages\":238,\"description\":\"Design and build Web APIs for a broad range of clients—including browsers and mobile devices—that can adapt to change over time. This practical, hands-on guide takes you through the theory and tools you need to build evolvable HTTP services with Microsoft\",\"website\":\"http://chimera.labs.oreilly.com/books/1234000001708/index.html\"}"]]>
            </message>
            <full-stacktrace>
              <![CDATA[java.lang.AssertionError: Verify books
Expected: "{\"isbn\":\"9781449337711\",\"title\":\"Designing Evolvable Web APIs with ASP.NET\",\"subTitle\":\"Harnessing the Power of the Web\",\"author\":\"Glenn Block et al.\",\"publish_date\":\"2020-06-04T09:12:43.000Z\",\"publisher\":\"O\\u0027Reilly Media\",\"pages\":238,\"description\":\"Design and build Web APIs for a broad range of clientsâ€”including browsers and mobile devicesâ€”that can adapt to change over time. This practical, hands-on guide takes you through the theory and tools you need to build evolvable HTTP services with Microsoft\",\"website\":\"http://chimera.labs.oreilly.com/books/1234000001708/index.html\"}"
     but: was "{\"isbn\":\"9781449337711\",\"title\":\"Designing Evolvable Web APIs with ASP.NET\",\"subTitle\":\"Harnessing the Power of the Web\",\"author\":\"Glenn Block et al.\",\"publish_date\":\"2020-06-04T09:12:43.000Z\",\"publisher\":\"O\\u0027Reilly Media\",\"pages\":238,\"description\":\"Design and build Web APIs for a broad range of clients—including browsers and mobile devices—that can adapt to change over time. This practical, hands-on guide takes you through the theory and tools you need to build evolvable HTTP services with Microsoft\",\"website\":\"http://chimera.labs.oreilly.com/books/1234000001708/index.html\"}"
at org.hamcrest.MatcherAssert.assertThat(MatcherAssert.java:20)
at com.demoqa.tests.BookStoreTests.ReplaceBookTest.replaceABookInCollectionAndVerifyJsonSchemaSuccessfully(ReplaceBookTest.java:57)
at java.base/jdk.internal.reflect.NativeMethodAccessorImpl.invoke0(Native Method)
at java.base/jdk.internal.reflect.NativeMethodAccessorImpl.invoke(NativeMethodAccessorImpl.java:62)
at java.base/jdk.internal.reflect.DelegatingMethodAccessorImpl.invoke(DelegatingMethodAccessorImpl.java:43)
at java.base/java.lang.reflect.Method.invoke(Method.java:566)
at org.testng.internal.invokers.MethodInvocationHelper.invokeMethod(MethodInvocationHelper.java:139)
at org.testng.internal.invokers.TestInvoker.invokeMethod(TestInvoker.java:677)
at org.testng.internal.invokers.TestInvoker.invokeTestMethod(TestInvoker.java:221)
at org.testng.internal.invokers.MethodRunner.runInSequence(MethodRunner.java:50)
at org.testng.internal.invokers.TestInvoker$MethodInvocationAgent.invoke(TestInvoker.java:962)
at org.testng.internal.invokers.TestInvoker.invokeTestMethods(TestInvoker.java:194)
at org.testng.internal.invokers.TestMethodWorker.invokeTestMethods(TestMethodWorker.java:148)
at org.testng.internal.invokers.TestMethodWorker.run(TestMethodWorker.java:128)
at java.base/java.util.ArrayList.forEach(ArrayList.java:1541)
at org.testng.TestRunner.privateRun(TestRunner.java:806)
at org.testng.TestRunner.run(TestRunner.java:601)
at org.testng.SuiteRunner.runTest(SuiteRunner.java:433)
at org.testng.SuiteRunner.runSequentially(SuiteRunner.java:427)
at org.testng.SuiteRunner.privateRun(SuiteRunner.java:387)
at org.testng.SuiteRunner.run(SuiteRunner.java:330)
at org.testng.SuiteRunnerWorker.runSuite(SuiteRunnerWorker.java:52)
at org.testng.SuiteRunnerWorker.run(SuiteRunnerWorker.java:95)
at org.testng.TestNG.runSuitesSequentially(TestNG.java:1256)
at org.testng.TestNG.runSuitesLocally(TestNG.java:1176)
at org.testng.TestNG.runSuites(TestNG.java:1099)
at org.testng.TestNG.run(TestNG.java:1067)
at org.apache.maven.surefire.testng.TestNGExecutor.run(TestNGExecutor.java:284)
at org.apache.maven.surefire.testng.TestNGXmlTestSuite.execute(TestNGXmlTestSuite.java:75)
at org.apache.maven.surefire.testng.TestNGProvider.invoke(TestNGProvider.java:119)
at org.apache.maven.surefire.booter.ForkedBooter.runSuitesInProcess(ForkedBooter.java:428)
at org.apache.maven.surefire.booter.ForkedBooter.execute(ForkedBooter.java:162)
at org.apache.maven.surefire.booter.ForkedBooter.run(ForkedBooter.java:562)
at org.apache.maven.surefire.booter.ForkedBooter.main(ForkedBooter.java:548)
]]>
            </full-stacktrace>
          </exception> <!-- java.lang.AssertionError -->
          <reporter-output>
          </reporter-output>
        </test-method> <!-- replaceABookInCollectionAndVerifyJsonSchemaSuccessfully -->
        <test-method signature="replaceABookInCollectionUnsuccessfullyDueToUnexistingIsbn()[pri:0, instance:com.demoqa.tests.BookStoreTests.ReplaceBookTest@791f145a]" started-at="2022-07-31T18:44:42 ICT" name="replaceABookInCollectionUnsuccessfullyDueToUnexistingIsbn" finished-at="2022-07-31T18:44:42 ICT" duration-ms="669" status="PASS">
          <reporter-output>
          </reporter-output>
        </test-method> <!-- replaceABookInCollectionUnsuccessfullyDueToUnexistingIsbn -->
      </class> <!-- com.demoqa.tests.BookStoreTests.ReplaceBookTest -->
      <class name="com.demoqa.tests.BookStoreTests.AddBookTest">
        <test-method signature="addNewBookToCollectionSuccessfully()[pri:0, instance:com.demoqa.tests.BookStoreTests.AddBookTest@4686afc2]" started-at="2022-07-31T18:44:35 ICT" name="addNewBookToCollectionSuccessfully" finished-at="2022-07-31T18:44:36 ICT" duration-ms="691" status="PASS">
          <reporter-output>
          </reporter-output>
        </test-method> <!-- addNewBookToCollectionSuccessfully -->
        <test-method signature="addNewBookToCollectionUnsuccessfullyDueToExistingBook()[pri:0, instance:com.demoqa.tests.BookStoreTests.AddBookTest@4686afc2]" started-at="2022-07-31T18:44:36 ICT" name="addNewBookToCollectionUnsuccessfullyDueToExistingBook" finished-at="2022-07-31T18:44:36 ICT" duration-ms="701" status="PASS">
          <reporter-output>
          </reporter-output>
        </test-method> <!-- addNewBookToCollectionUnsuccessfullyDueToExistingBook -->
        <test-method signature="addNewBookToCollectionUnsuccessfullyDueToIncorrectUserId()[pri:0, instance:com.demoqa.tests.BookStoreTests.AddBookTest@4686afc2]" started-at="2022-07-31T18:44:36 ICT" name="addNewBookToCollectionUnsuccessfullyDueToIncorrectUserId" finished-at="2022-07-31T18:44:37 ICT" duration-ms="691" status="PASS">
          <reporter-output>
          </reporter-output>
        </test-method> <!-- addNewBookToCollectionUnsuccessfullyDueToIncorrectUserId -->
        <test-method signature="addNewBookToCollectionUnsuccessfullyDueToMissingIsbn()[pri:0, instance:com.demoqa.tests.BookStoreTests.AddBookTest@4686afc2]" started-at="2022-07-31T18:44:37 ICT" name="addNewBookToCollectionUnsuccessfullyDueToMissingIsbn" finished-at="2022-07-31T18:44:38 ICT" duration-ms="965" status="PASS">
          <reporter-output>
          </reporter-output>
        </test-method> <!-- addNewBookToCollectionUnsuccessfullyDueToMissingIsbn -->
      </class> <!-- com.demoqa.tests.BookStoreTests.AddBookTest -->
    </test> <!-- Jira013 -->
  </suite> <!-- Test-Suite -->
</testng-results>
